[debug] [2020-12-27T17:32:59.084Z] ----------------------------------------------------------------------
[debug] [2020-12-27T17:32:59.086Z] Command:       C:\Program Files\nodejs\node.exe C:\Users\shanb\AppData\Roaming\npm\node_modules\firebase-tools\lib\bin\firebase.js init
[debug] [2020-12-27T17:32:59.086Z] CLI Version:   8.16.2
[debug] [2020-12-27T17:32:59.086Z] Platform:      win32
[debug] [2020-12-27T17:32:59.086Z] Node Version:  v14.14.0
[debug] [2020-12-27T17:32:59.091Z] Time:          Sun Dec 27 2020 23:02:59 GMT+0530 (India Standard Time)
[debug] [2020-12-27T17:32:59.092Z] ----------------------------------------------------------------------
[debug] [2020-12-27T17:32:59.092Z] 
[debug] [2020-12-27T17:32:59.095Z] >>> [apiv2][query] GET https://firebase-public.firebaseio.com/cli.json [none]
[debug] [2020-12-27T17:32:59.124Z] > command requires scopes: ["email","openid","https://www.googleapis.com/auth/cloudplatformprojects.readonly","https://www.googleapis.com/auth/firebase","https://www.googleapis.com/auth/cloud-platform"]
[debug] [2020-12-27T17:32:59.125Z] > authorizing via signed-in user
[info] 
     ######## #### ########  ######## ########     ###     ######  ########
     ##        ##  ##     ## ##       ##     ##  ##   ##  ##       ##
     ######    ##  ########  ######   ########  #########  ######  ######
     ##        ##  ##    ##  ##       ##     ## ##     ##       ## ##
     ##       #### ##     ## ######## ########  ##     ##  ######  ########

You're about to initialize a Firebase project in this directory:

  C:\Users\shanb\Desktop\dictionary_course

[debug] [2020-12-27T17:33:00.053Z] <<< [apiv2][status] GET https://firebase-public.firebaseio.com/cli.json 200
[debug] [2020-12-27T17:33:00.053Z] <<< [apiv2][body] GET https://firebase-public.firebaseio.com/cli.json {"cloudBuildErrorAfter":1594252800000,"cloudBuildWarnAfter":1590019200000,"defaultNode10After":1594252800000,"minVersion":"3.0.5","node8DeploysDisabledAfter":1613390400000,"node8RuntimeDisabledAfter":1615809600000,"node8WarnAfter":1600128000000}
